<?xml version="1.0" encoding="UTF-8"?>
<!-- Generated by org.testng.reporters.JUnitXMLReporter -->
<testsuite ignored="2" hostname="WJLP-1098" failures="0" tests="12" name="Check login and logout successfully" time="227.557" errors="0" timestamp="2020-05-28T19:44:09 IST">
  <testcase classname="pages.LoginPageTest" name="signIn" time="2.663"/>
  <testcase classname="pages.TestPageConsinment" name="doStarted" time="56.006"/>
  <testcase classname="pages.TestPageConsinment" name="commudityValidation" time="14.484"/>
  <testcase classname="pages.TestPageConsinment" name="selectCommudityJwellery" time="7.043"/>
  <testcase classname="pages.TestPageConsinment" name="thirdStepReciever" time="39.326"/>
  <testcase classname="pages.TestPageConsinment" name="clickOnStepValue" time="26.507"/>
  <testcase classname="pages.TestPageConsinment" name="clickOnStepRequirement" time="16.945"/>
  <testcase classname="pages.TestPageConsinment" name="clickOnStepServices" time="7.35"/>
  <testcase classname="pages.TestPageConsinment" name="clickonstepParcel" time="6.35"/>
  <testcase classname="pages.TestPageConsinment" name="entertxtNumberOfParcel" time="8.561"/>
  <testcase classname="pages.TestPageConsinment" name="entertxtSecuritypack" time="9.762"/>
  <testcase classname="pages.TestPageConsinment" name="clickONFinaliseButton" time="18.686"/>
  <testcase classname="pages.TestBase" name="@BeforeSuite setUp" time="0.0">
    <ignored/>
  </testcase> <!-- @BeforeSuite setUp -->
  <testcase classname="pages.TestBase" name="@AfterSuite tearBrowser" time="0.0">
    <ignored/>
  </testcase> <!-- @AfterSuite tearBrowser -->
</testsuite> <!-- Check login and logout successfully -->
